<?xml version="1.0" encoding="UTF-8"?>
<testsuite name="Adope_Demo/tests" tests="1" failures="0" skipped="0" hostname="HDC3-L-7QVR5M2" time="123.297" timestamp="Wed Dec 26 16:21:39 IST 2018">
	<properties>
		<property name="excludeCallableTestCases" value="true"/>
		<property name="testEnvironment" value=""/>
		<property name="pluginOutputLevel" value="WARNING"/>
		<property name="projectPath" value=".."/>
		<property name="salesforceMetadataCache" value="Reuse"/>
		<property name="resultsPathDisposition" value="Increment"/>
		<property name="testOutputLevel" value="WARNING"/>
		<property name="webBrowserType" value="Google Chrome"/>
		<property name="resultsPath" value="../ANT/Results"/>
		<property name="webBrowserConfiguration" value="Full Screen"/>
		<property name="projectCachePath" value="C:\Users\prudhvi.raju.chintam\Provar\Adope\Adope_Demo\ANT\..\..\.provarCaches"/>
	</properties>
	<testcase classname="tests/Test Case 1.testcase" name="Test Case 1.testcase" time="119.555">
	</testcase>
</testsuite>
