<?xml version="1.0" encoding="UTF-8"?>
<testsuite name="Adope_Demo/tests" tests="1" failures="0" skipped="0" hostname="HDC3-L-9Z23VP2" time="4.026" timestamp="Fri Jan 11 17:55:05 IST 2019">
	<properties>
		<property name="excludeCallableTestCases" value="false"/>
		<property name="testEnvironment" value=""/>
		<property name="pluginOutputLevel" value="WARNING"/>
		<property name="projectPath" value="C:/Users/reena.barnwal/Provar/prover-testcases"/>
		<property name="salesforceMetadataCache" value="Reuse"/>
		<property name="resultsPathDisposition" value="Increment"/>
		<property name="testOutputLevel" value="WARNING"/>
		<property name="webBrowserType" value="Google Chrome"/>
		<property name="resultsPath" value="C:/Users/reena.barnwal/Provar/prover-testcases/ANT/Results"/>
		<property name="webBrowserConfiguration" value="Full Screen"/>
		<property name="projectCachePath" value="C:\Users\reena.barnwal\Provar\prover-testcases\ANT\..\..\.provarCaches"/>
	</properties>
	<testcase classname="tests/ConnectTestCase.testcase" name="ConnectTestCase.testcase" time="4.022">
	</testcase>
</testsuite>
